<?xml version="1.0" encoding="UTF-8"?>
<robot generator="Robot 3.2.2 (Python 3.9.1 on darwin)" generated="20210213 15:06:56.969" rpa="false">
<suite id="s1" name="Test" source="/Users/marcosribeirohioka/Projetos/robot/test.robot">
<test id="s1-t1" name="Deve retornar mensagem de boas vindas">
<kw name="Welcome" library="app">
<arguments>
<arg>Fernando</arg>
</arguments>
<assign>
<var>${result}</var>
</assign>
<msg timestamp="20210213 15:06:56.991" level="INFO">${result} = Olá Fernando, bem vindo ao curso básico de Robot Framework!</msg>
<status status="PASS" starttime="20210213 15:06:56.991" endtime="20210213 15:06:56.991"></status>
</kw>
<kw name="Log To Console" library="BuiltIn">
<doc>Logs the given message to the console.</doc>
<arguments>
<arg>${result}</arg>
</arguments>
<status status="PASS" starttime="20210213 15:06:56.991" endtime="20210213 15:06:56.992"></status>
</kw>
<kw name="Should Be Equal" library="BuiltIn">
<doc>Fails if the given objects are unequal.</doc>
<arguments>
<arg>${result}</arg>
<arg>Olá Fernando, bem vindo ao curso básico de Robot Framework!</arg>
</arguments>
<status status="PASS" starttime="20210213 15:06:56.992" endtime="20210213 15:06:56.992"></status>
</kw>
<status status="PASS" starttime="20210213 15:06:56.990" endtime="20210213 15:06:56.992" critical="yes"></status>
</test>
<status status="PASS" starttime="20210213 15:06:56.970" endtime="20210213 15:06:56.992"></status>
</suite>
<statistics>
<total>
<stat pass="1" fail="0">Critical Tests</stat>
<stat pass="1" fail="0">All Tests</stat>
</total>
<tag>
</tag>
<suite>
<stat pass="1" fail="0" id="s1" name="Test">Test</stat>
</suite>
</statistics>
<errors>
</errors>
</robot>
