<?xml version="1.0" encoding="UTF-8"?>
<robot generator="Robot 3.2.2 (Python 3.9.1 on darwin)" generated="20210214 21:40:20.819" rpa="false">
<suite id="s1" name="Tests" source="/Users/marcosribeirohioka/Projetos/robot/web/tests">
<suite id="s1-s1" name="Checkbox" source="/Users/marcosribeirohioka/Projetos/robot/web/tests/checkbox.robot">
<test id="s1-s1-t1" name="Marcando opção com ID">
<kw name="Nova sessão" library="base" type="setup">
<kw name="Open Browser" library="SeleniumLibrary">
<doc>Opens a new browser instance to the optional ``url``.</doc>
<arguments>
<arg>${url}</arg>
<arg>chrome</arg>
</arguments>
<msg timestamp="20210214 21:40:21.069" level="INFO">Opening browser 'chrome' to base url 'https://training-wheels-protocol.herokuapp.com'.</msg>
<status status="PASS" starttime="20210214 21:40:21.069" endtime="20210214 21:40:26.042"></status>
</kw>
<status status="PASS" starttime="20210214 21:40:21.068" endtime="20210214 21:40:26.043"></status>
</kw>
<kw name="Go To" library="SeleniumLibrary">
<doc>Navigates the current browser window to the provided ``url``.</doc>
<arguments>
<arg>${url}/checkboxes</arg>
</arguments>
<msg timestamp="20210214 21:40:26.044" level="INFO">Opening url 'https://training-wheels-protocol.herokuapp.com/checkboxes'</msg>
<status status="PASS" starttime="20210214 21:40:26.044" endtime="20210214 21:40:26.331"></status>
</kw>
<kw name="Select Checkbox" library="SeleniumLibrary">
<doc>Selects the checkbox identified by ``locator``.</doc>
<arguments>
<arg>${check_thor}</arg>
</arguments>
<msg timestamp="20210214 21:40:26.332" level="INFO">Selecting checkbox 'id:thor'.</msg>
<status status="PASS" starttime="20210214 21:40:26.332" endtime="20210214 21:40:26.395"></status>
</kw>
<kw name="Checkbox Should Be Selected" library="SeleniumLibrary">
<doc>Verifies checkbox ``locator`` is selected/checked.</doc>
<arguments>
<arg>${check_thor}</arg>
</arguments>
<msg timestamp="20210214 21:40:26.396" level="INFO">Verifying checkbox 'id:thor' is selected.</msg>
<status status="PASS" starttime="20210214 21:40:26.395" endtime="20210214 21:40:26.410"></status>
</kw>
<kw name="Encerra sessão" library="base" type="teardown">
<kw name="Close Browser" library="SeleniumLibrary">
<doc>Closes the current browser.</doc>
<status status="PASS" starttime="20210214 21:40:26.412" endtime="20210214 21:40:26.501"></status>
</kw>
<status status="PASS" starttime="20210214 21:40:26.411" endtime="20210214 21:40:26.502"></status>
</kw>
<tags>
<tag>thor</tag>
</tags>
<status status="PASS" starttime="20210214 21:40:21.067" endtime="20210214 21:40:26.502" critical="yes"></status>
</test>
<test id="s1-s1-t2" name="Marcando opção com CSS Selector">
<kw name="Nova sessão" library="base" type="setup">
<kw name="Open Browser" library="SeleniumLibrary">
<doc>Opens a new browser instance to the optional ``url``.</doc>
<arguments>
<arg>${url}</arg>
<arg>chrome</arg>
</arguments>
<msg timestamp="20210214 21:40:26.503" level="INFO">Opening browser 'chrome' to base url 'https://training-wheels-protocol.herokuapp.com'.</msg>
<status status="PASS" starttime="20210214 21:40:26.503" endtime="20210214 21:40:32.695"></status>
</kw>
<status status="PASS" starttime="20210214 21:40:26.503" endtime="20210214 21:40:32.695"></status>
</kw>
<kw name="Go To" library="SeleniumLibrary">
<doc>Navigates the current browser window to the provided ``url``.</doc>
<arguments>
<arg>${url}/checkboxes</arg>
</arguments>
<msg timestamp="20210214 21:40:32.697" level="INFO">Opening url 'https://training-wheels-protocol.herokuapp.com/checkboxes'</msg>
<status status="PASS" starttime="20210214 21:40:32.696" endtime="20210214 21:40:32.977"></status>
</kw>
<kw name="Select Checkbox" library="SeleniumLibrary">
<doc>Selects the checkbox identified by ``locator``.</doc>
<arguments>
<arg>${check_iron}</arg>
</arguments>
<msg timestamp="20210214 21:40:32.978" level="INFO">Selecting checkbox 'css:input[value='iron-man']'.</msg>
<status status="PASS" starttime="20210214 21:40:32.977" endtime="20210214 21:40:33.039"></status>
</kw>
<kw name="Checkbox Should Be Selected" library="SeleniumLibrary">
<doc>Verifies checkbox ``locator`` is selected/checked.</doc>
<arguments>
<arg>${check_iron}</arg>
</arguments>
<msg timestamp="20210214 21:40:33.040" level="INFO">Verifying checkbox 'css:input[value='iron-man']' is selected.</msg>
<status status="PASS" starttime="20210214 21:40:33.040" endtime="20210214 21:40:33.056"></status>
</kw>
<kw name="Encerra sessão" library="base" type="teardown">
<kw name="Close Browser" library="SeleniumLibrary">
<doc>Closes the current browser.</doc>
<status status="PASS" starttime="20210214 21:40:33.057" endtime="20210214 21:40:33.141"></status>
</kw>
<status status="PASS" starttime="20210214 21:40:33.057" endtime="20210214 21:40:33.141"></status>
</kw>
<tags>
<tag>ironman</tag>
</tags>
<status status="PASS" starttime="20210214 21:40:26.502" endtime="20210214 21:40:33.141" critical="yes"></status>
</test>
<test id="s1-s1-t3" name="Marcando opção com Xpath">
<kw name="Nova sessão" library="base" type="setup">
<kw name="Open Browser" library="SeleniumLibrary">
<doc>Opens a new browser instance to the optional ``url``.</doc>
<arguments>
<arg>${url}</arg>
<arg>chrome</arg>
</arguments>
<msg timestamp="20210214 21:40:33.144" level="INFO">Opening browser 'chrome' to base url 'https://training-wheels-protocol.herokuapp.com'.</msg>
<status status="PASS" starttime="20210214 21:40:33.144" endtime="20210214 21:40:39.608"></status>
</kw>
<status status="PASS" starttime="20210214 21:40:33.143" endtime="20210214 21:40:39.609"></status>
</kw>
<kw name="Go To" library="SeleniumLibrary">
<doc>Navigates the current browser window to the provided ``url``.</doc>
<arguments>
<arg>${url}/checkboxes</arg>
</arguments>
<msg timestamp="20210214 21:40:39.610" level="INFO">Opening url 'https://training-wheels-protocol.herokuapp.com/checkboxes'</msg>
<status status="PASS" starttime="20210214 21:40:39.610" endtime="20210214 21:40:39.886"></status>
</kw>
<kw name="Select Checkbox" library="SeleniumLibrary">
<doc>Selects the checkbox identified by ``locator``.</doc>
<arguments>
<arg>${check_panther}</arg>
</arguments>
<msg timestamp="20210214 21:40:39.887" level="INFO">Selecting checkbox 'xpath://*[@id='checkboxes']/input[7]'.</msg>
<status status="PASS" starttime="20210214 21:40:39.887" endtime="20210214 21:40:39.950"></status>
</kw>
<kw name="Checkbox Should Be Selected" library="SeleniumLibrary">
<doc>Verifies checkbox ``locator`` is selected/checked.</doc>
<arguments>
<arg>${check_panther}</arg>
</arguments>
<msg timestamp="20210214 21:40:39.951" level="INFO">Verifying checkbox 'xpath://*[@id='checkboxes']/input[7]' is selected.</msg>
<status status="PASS" starttime="20210214 21:40:39.950" endtime="20210214 21:40:39.967"></status>
</kw>
<kw name="Encerra sessão" library="base" type="teardown">
<kw name="Close Browser" library="SeleniumLibrary">
<doc>Closes the current browser.</doc>
<status status="PASS" starttime="20210214 21:40:39.968" endtime="20210214 21:40:40.057"></status>
</kw>
<status status="PASS" starttime="20210214 21:40:39.967" endtime="20210214 21:40:40.057"></status>
</kw>
<tags>
<tag>blackpanther</tag>
</tags>
<status status="PASS" starttime="20210214 21:40:33.142" endtime="20210214 21:40:40.057" critical="yes"></status>
</test>
<status status="PASS" starttime="20210214 21:40:20.846" endtime="20210214 21:40:40.059"></status>
</suite>
<suite id="s1-s2" name="Title" source="/Users/marcosribeirohioka/Projetos/robot/web/tests/title.robot">
<test id="s1-s2-t1" name="Should See Page Title">
<kw name="Nova sessão" library="base" type="setup">
<kw name="Open Browser" library="SeleniumLibrary">
<doc>Opens a new browser instance to the optional ``url``.</doc>
<arguments>
<arg>${url}</arg>
<arg>chrome</arg>
</arguments>
<msg timestamp="20210214 21:40:40.067" level="INFO">Opening browser 'chrome' to base url 'https://training-wheels-protocol.herokuapp.com'.</msg>
<status status="PASS" starttime="20210214 21:40:40.067" endtime="20210214 21:40:49.996"></status>
</kw>
<status status="PASS" starttime="20210214 21:40:40.066" endtime="20210214 21:40:49.996"></status>
</kw>
<kw name="Title Should Be" library="SeleniumLibrary">
<doc>Verifies that the current page title equals ``title``.</doc>
<arguments>
<arg>Training Wheels Protocol</arg>
</arguments>
<msg timestamp="20210214 21:40:50.003" level="INFO">Page title is 'Training Wheels Protocol'.</msg>
<status status="PASS" starttime="20210214 21:40:49.997" endtime="20210214 21:40:50.003"></status>
</kw>
<kw name="Encerra sessão" library="base" type="teardown">
<kw name="Close Browser" library="SeleniumLibrary">
<doc>Closes the current browser.</doc>
<status status="PASS" starttime="20210214 21:40:50.004" endtime="20210214 21:40:50.107"></status>
</kw>
<status status="PASS" starttime="20210214 21:40:50.003" endtime="20210214 21:40:50.108"></status>
</kw>
<status status="PASS" starttime="20210214 21:40:40.065" endtime="20210214 21:40:50.108" critical="yes"></status>
</test>
<status status="PASS" starttime="20210214 21:40:40.062" endtime="20210214 21:40:50.109"></status>
</suite>
<status status="PASS" starttime="20210214 21:40:20.820" endtime="20210214 21:40:50.111"></status>
</suite>
<statistics>
<total>
<stat pass="4" fail="0">Critical Tests</stat>
<stat pass="4" fail="0">All Tests</stat>
</total>
<tag>
<stat pass="1" fail="0">blackpanther</stat>
<stat pass="1" fail="0">ironman</stat>
<stat pass="1" fail="0">thor</stat>
</tag>
<suite>
<stat pass="4" fail="0" id="s1" name="Tests">Tests</stat>
<stat pass="3" fail="0" id="s1-s1" name="Checkbox">Tests.Checkbox</stat>
<stat pass="1" fail="0" id="s1-s2" name="Title">Tests.Title</stat>
</suite>
</statistics>
<errors>
</errors>
</robot>
